width: 100, height: 100
csv_path: /data1/ruilei/ts-rawQuery-1.csv
has_header: true
tqs: true
tqe: true
adapted tqe: 4259092179000
=============================================
(0,0.3758737838197281),(0.00001202124721611948,0.5134609107832657),(0.00002404249443223896,0.21208111996469312),(0.000036063741648358446,0.383648415428866),(0.00004808498886447792,0.44914291777798443),(0.000060106236080597396,0.46892761463407434),(0.00007212748329671689,0.352024488929176),(0.00008414875399201826,0.2659072282735631),(0.00009617000120813775,0.3341351002763089),(0.00010819124842425722,0.7783173389305523),(0.0001202124956403767,0.7356084380926263),(0.00013223374285649617,0.6517023703407732),0,first=(0,0.3758737838197281),last=(0.9999997583522598,0.2725891566839043),small=(0.5149062261232642,0.0056794779831264705),large=(0.45020785501059707,1.9108896995736653)

1,first=(1.000011779599476,0.16340264294926976),last=(1.9999995433064326,0.45467734666392556),small=(0.5149062261232642,0.0056794779831264705),large=(1.5963018898070205,4.729474086140726)

2,first=(2.000011564553649,0.3065499853049148),last=(2.999999345869992,0.18695861633218022),small=(0.5149062261232642,0.0056794779831264705),large=(1.5963018898070205,4.729474086140726)

3,first=(3.0000113671172084,0.17122884757074028),last=(3.999999158388725,0.6720801568386878),small=(0.5149062261232642,0.0056794779831264705),large=(1.5963018898070205,4.729474086140726)

4,first=(4.0000111796359406,0.5740914334067668),last=(4.999998975579815,0.5671967663205537),small=(0.5149062261232642,0.0056794779831264705),large=(1.5963018898070205,4.729474086140726)

5,first=(5.00001099682703,0.5964386643131323),last=(5.999998793052654,0.1780010287526635),small=(0.5149062261232642,0.0056794779831264705),large=(1.5963018898070205,4.729474086140726)

6,first=(6.000010814299871,0.2219476818865717),last=(6.999998607167972,0.9568405444330833),small=(6.168500673415456,0.004677027555911753),large=(1.5963018898070205,4.729474086140726)

7,first=(7.000010628415188,0.8583070810583994),last=(7.999998415178701,0.7894700028474749),small=(6.168500673415456,0.004677027555911753),large=(1.5963018898070205,4.729474086140726)

8,first=(8.000010436425917,1.1536205963013513),last=(8.999998215370864,0.1981402900685399),small=(6.168500673415456,0.004677027555911753),large=(1.5963018898070205,4.729474086140726)

9,first=(9.00001023661808,0.21758009240465553),last=(9.999998006453103,2.063113892099846),small=(6.168500673415456,0.004677027555911753),large=(1.5963018898070205,4.729474086140726)

10,first=(10.000010027700318,2.0511618464917682),last=(10.999997787251461,0.5567306681303088),small=(10.055608313566863,0.00442238580751959),large=(10.2358789933107,8.216280323561344)

11,first=(11.000009808522156,0.4003193916653758),last=(11.999997557249396,0.11168458151949437),small=(10.055608313566863,0.00442238580751959),large=(10.2358789933107,8.216280323561344)

12,first=(12.000009578496611,0.24900739679482756),last=(12.999997314380737,0.7172065426297041),small=(12.786499904020978,0.004328909722666771),large=(10.2358789933107,8.216280323561344)

13,first=(13.000009335651432,0.6359790482058748),last=(13.99999705662628,0.2673770591250419),small=(12.786499904020978,0.004328909722666771),large=(10.2358789933107,8.216280323561344)

14,first=(14.000009077873493,0.20199859605367176),last=(14.999996784572996,1.568789792205242),small=(12.786499904020978,0.004328909722666771),large=(14.91469399296136,12.834469519028152)

15,first=(15.000008805820213,1.4811285644929222),last=(15.99999649429987,6.740705527833987),small=(12.786499904020978,0.004328909722666771),large=(15.168690988620185,35.71532638399885)

16,first=(16.000008515547087,6.774563210430333),last=(16.999996185619068,0.31863418675709476),small=(12.786499904020978,0.004328909722666771),large=(15.168690988620185,35.71532638399885)

17,first=(17.000008206842804,0.25834533534029713),last=(17.99999586496388,0.3978696735795777),small=(17.357472090039966,0.003100827366496972),large=(15.168690988620185,35.71532638399885)

18,first=(18.000007886211094,0.6245943057334555),last=(18.999995530221184,13.783196983958664),small=(17.357472090039966,0.003100827366496972),large=(18.787700264869052,92.00486797663407)

19,first=(19.00000755149188,13.9666518587655),last=(19.999995155916064,9.620513526666375),small=(17.357472090039966,0.003100827366496972),large=(18.787700264869052,92.00486797663407)

20,first=(20.000007177163283,9.547428121564552),last=(20.999249403801176,9.37844592334355),small=(17.357472090039966,0.003100827366496972),large=(18.787700264869052,92.00486797663407)

21,first=(21.011102354284127,3.043326681059405),last=(21.99999423283203,0.5036588151268029),small=(17.357472090039966,0.003100827366496972),large=(21.276880124434612,98.97226268017596)

22,first=(22.000006254102725,0.40517047813791),last=(22.999993704573914,23.385834015225257),small=(17.357472090039966,0.003100827366496972),large=(21.276880124434612,98.97226268017596)

23,first=(23.000005725821133,23.541242841262974),last=(23.999993131705356,42.82858890629693),small=(17.357472090039966,0.003100827366496972),large=(21.276880124434612,98.97226268017596)

24,first=(24.00000515295257,42.63786868337774),last=(24.999992507886972,12.189990593727213),small=(17.357472090039966,0.003100827366496972),large=(21.276880124434612,98.97226268017596)

25,first=(25.00000452913419,12.14229845057265),last=(25.999991840514706,30.251384912663358),small=(17.357472090039966,0.003100827366496972),large=(21.276880124434612,98.97226268017596)

26,first=(26.000003861761922,30.041914676448005),last=(26.999991129565075,17.838924460299708),small=(17.357472090039966,0.003100827366496972),large=(21.276880124434612,98.97226268017596)

27,first=(27.000003150812297,17.85979541372805),last=(27.99999037419284,1.918287203530121),small=(17.357472090039966,0.003100827366496972),large=(21.276880124434612,98.97226268017596)

28,first=(28.000002395440056,1.950774977986382),last=(28.99998958519841,7.186177091796546),small=(17.357472090039966,0.003100827366496972),large=(21.276880124434612,98.97226268017596)

29,first=(29.000001606445625,7.179585416157785),last=(29.999988781130345,1.5047296642616237),small=(17.357472090039966,0.003100827366496972),large=(21.276880124434612,98.97226268017596)

30,first=(30.000000802354084,1.4869595381997758),last=(30.999987984739974,0.2949363875902697),small=(17.357472090039966,0.003100827366496972),large=(21.276880124434612,98.97226268017596)

31,first=(31.000000005987193,0.5300222943685687),last=(31.999999223754767,3.1209182781137867),small=(17.357472090039966,0.003100827366496972),large=(21.276880124434612,98.97226268017596)

32,first=(32.000011245001986,3.1300821577426334),last=(32.99999844941135,7.5892234064890065),small=(17.357472090039966,0.003100827366496972),large=(21.276880124434612,98.97226268017596)

33,first=(33.000010470658566,7.38720224724244),last=(33.99999765447669,4.332290978287826),small=(17.357472090039966,0.003100827366496972),large=(21.276880124434612,98.97226268017596)

34,first=(34.00000967570042,4.331717228525626),last=(34.999996832987065,62.185864752740606),small=(17.357472090039966,0.003100827366496972),large=(21.276880124434612,98.97226268017596)

35,first=(35.00000885423429,61.962157141808184),last=(35.99999598656256,4.178600178223437),small=(17.357472090039966,0.003100827366496972),large=(21.276880124434612,98.97226268017596)

36,first=(36.00000800780978,4.222037547860561),last=(36.99999511895983,18.39772127223659),small=(17.357472090039966,0.003100827366496972),large=(36.460758217954506,100)

37,first=(37.000007140207046,18.561017545847925),last=(37.99999422769009,15.597973928424008),small=(17.357472090039966,0.003100827366496972),large=(36.460758217954506,100)

38,first=(38.000006248937304,15.720911096571818),last=(38.99999332275546,25.047816240715488),small=(17.357472090039966,0.003100827366496972),large=(36.460758217954506,100)

39,first=(39.00000534402616,25.134433114928072),last=(39.99999240075147,1.6931548881320118),small=(17.357472090039966,0.003100827366496972),large=(36.460758217954506,100)

40,first=(40.00000442199868,1.6953402945296057),last=(40.98587853388181,1.9038048570044757),small=(17.357472090039966,0.003100827366496972),large=(36.460758217954506,100)

41,first=(41.01078654804104,0.5156882202533795),last=(41.99999053819493,0.9762126571905125),small=(41.42083112432679,0),large=(36.460758217954506,100)

42,first=(42.00000255944214,0.8682026527997152),last=(42.999989612856886,0.7156367890668308),small=(41.42083112432679,0),large=(36.460758217954506,100)

43,first=(43.0000016341041,0.5885222069200797),last=(43.999988707147445,0.5825558540558532),small=(41.42083112432679,0),large=(36.460758217954506,100)

44,first=(44.00000072839466,0.5632256443709442),last=(44.999999845366105,0.9052385222810563),small=(41.42083112432679,0),large=(36.460758217954506,100)

45,first=(45.00001186661333,0.8434347136269887),last=(45.048361306340254,1.3338134780781499),small=(41.42083112432679,0),large=(36.460758217954506,100)

46,first=(56.97700512553288,35.00490813911743),last=(45.048361306340254,1.3338134780781499),small=(41.42083112432679,0),large=(36.460758217954506,100)

47,first=(56.97700512553288,35.00490813911743),last=(45.048361306340254,1.3338134780781499),small=(41.42083112432679,0),large=(36.460758217954506,100)

48,first=(56.97700512553288,35.00490813911743),last=(45.048361306340254,1.3338134780781499),small=(41.42083112432679,0),large=(36.460758217954506,100)

49,first=(56.97700512553288,35.00490813911743),last=(45.048361306340254,1.3338134780781499),small=(41.42083112432679,0),large=(36.460758217954506,100)

50,first=(56.97700512553288,35.00490813911743),last=(45.048361306340254,1.3338134780781499),small=(41.42083112432679,0),large=(36.460758217954506,100)

51,first=(56.97700512553288,35.00490813911743),last=(45.048361306340254,1.3338134780781499),small=(41.42083112432679,0),large=(36.460758217954506,100)

52,first=(56.97700512553288,35.00490813911743),last=(45.048361306340254,1.3338134780781499),small=(41.42083112432679,0),large=(36.460758217954506,100)

53,first=(56.97700512553288,35.00490813911743),last=(45.048361306340254,1.3338134780781499),small=(41.42083112432679,0),large=(36.460758217954506,100)

54,first=(56.97700512553288,35.00490813911743),last=(45.048361306340254,1.3338134780781499),small=(41.42083112432679,0),large=(36.460758217954506,100)

55,first=(56.97700512553288,35.00490813911743),last=(45.048361306340254,1.3338134780781499),small=(41.42083112432679,0),large=(36.460758217954506,100)

56,first=(56.97700512553288,35.00490813911743),last=(56.999989740841905,4.542750771677313),small=(41.42083112432679,0),large=(36.460758217954506,100)

57,first=(57.00000176208913,4.492496094472475),last=(57.99998879965542,12.380507747910343),small=(41.42083112432679,0),large=(36.460758217954506,100)

58,first=(58.00000082090264,12.28943303144426),last=(58.99999986586343,6.628450419865563),small=(41.42083112432679,0),large=(36.460758217954506,100)

59,first=(59.000011887110645,6.767787805935138),last=(59.999998902019534,14.333883939706249),small=(41.42083112432679,0),large=(36.460758217954506,100)

60,first=(60.00001092321979,14.386220877284014),last=(60.999997926177784,4.0248126787609255),small=(41.42083112432679,0),large=(36.460758217954506,100)

61,first=(61.00000994740151,4.150048069270807),last=(61.999996942587885,8.79569667049145),small=(41.42083112432679,0),large=(36.460758217954506,100)

62,first=(62.00000896383511,8.78664560682708),last=(62.99999595000547,9.378603865693819),small=(41.42083112432679,0),large=(36.460758217954506,100)

63,first=(63.00000797125269,9.26706110995824),last=(63.999994947491366,27.30029011753425),small=(41.42083112432679,0),large=(36.460758217954506,100)

64,first=(64.00000696873859,27.276589095054156),last=(64.99999393236894,49.041351176822005),small=(41.42083112432679,0),large=(36.460758217954506,100)

65,first=(65.00000595361615,49.21939088533392),last=(65.99999290325292,19.708139942595366),small=(41.42083112432679,0),large=(36.460758217954506,100)

66,first=(66.00000492450013,19.856334993533068),last=(66.99999186347735,18.467083750510653),small=(41.42083112432679,0),large=(36.460758217954506,100)

67,first=(67.00000388472456,18.3914970543107),last=(67.99616805825887,2.299514910692626),small=(41.42083112432679,0),large=(36.460758217954506,100)

68,first=(68.0101367404333,1.23644363079422),last=(68.99998976922824,0.8260320452780104),small=(41.42083112432679,0),large=(36.460758217954506,100)

69,first=(69.00000179047545,0.7438246636198621),last=(69.9999887491517,13.88889909604758),small=(41.42083112432679,0),large=(36.460758217954506,100)

70,first=(70.00000077039891,13.958148758357163),last=(70.99999976833091,0.4733822335743018),small=(41.42083112432679,0),large=(36.460758217954506,100)

71,first=(71.00001178957814,0.3708357451774882),last=(71.99999877800249,0.28822867267376223),small=(41.42083112432679,0),large=(36.460758217954506,100)

72,first=(72.00001079924971,0.16805388399901522),last=(72.9999978094393,0.17762067778671065),small=(41.42083112432679,0),large=(36.460758217954506,100)

73,first=(73.00000983068651,0.2642439986258371),last=(73.99999686315782,0.1194624364419031),small=(41.42083112432679,0),large=(36.460758217954506,100)

74,first=(74.00000888440503,0.23343557038365617),last=(74.99999593746759,0.5859080998574715),small=(41.42083112432679,0),large=(36.460758217954506,100)

75,first=(75.0000079587148,0.448620741028117),last=(75.99999503070158,0.5323946529358679),small=(41.42083112432679,0),large=(36.460758217954506,100)

76,first=(76.0000070519488,0.4947560238728895),last=(76.99999414105191,0.27022969136968833),small=(41.42083112432679,0),large=(36.460758217954506,100)

77,first=(77.00000616229913,0.18573053397601041),last=(77.99999326692196,1.2951047090092702),small=(41.42083112432679,0),large=(36.460758217954506,100)

78,first=(78.0000052881457,1.193973255138332),last=(78.9999924071378,0.348939778129033),small=(41.42083112432679,0),large=(36.460758217954506,100)

79,first=(79.00000442838501,0.2575362837093296),last=(79.99999156052546,0.3701104996915611),small=(41.42083112432679,0),large=(36.460758217954506,100)

80,first=(80.0000035817492,0.2738140157268033),last=(80.99999072574663,0.14004651498914808),small=(41.42083112432679,0),large=(36.460758217954506,100)

81,first=(81.00000274699384,0.22754980035119932),last=(81.99998990148647,0.23970813800860744),small=(41.42083112432679,0),large=(36.460758217954506,100)

82,first=(82.00000192273369,0.30705604548842835),last=(82.99998908689973,0.2380158985414443),small=(41.42083112432679,0),large=(36.460758217954506,100)

83,first=(83.00000110814695,0.1653785339842621),last=(83.99998828053072,0.09013028567774255),small=(41.42083112432679,0),large=(36.460758217954506,100)

84,first=(84.00000030177792,0.340485027419759),last=(84.99999950311008,0.47029752277415876),small=(41.42083112432679,0),large=(36.460758217954506,100)

85,first=(85.00001152435729,0.49117492282904535),last=(85.999998712026,0.7243332882714137),small=(41.42083112432679,0),large=(36.460758217954506,100)

86,first=(86.00001073329669,0.6300965014866887),last=(86.99999792812655,0.695262225882187),small=(41.42083112432679,0),large=(36.460758217954506,100)

87,first=(87.00000994939725,0.756875859053278),last=(87.99999715070736,0.9138995650396606),small=(41.42083112432679,0),large=(36.460758217954506,100)

88,first=(88.00000917195457,0.8552159236317148),last=(88.99999637922839,0.5715933656219071),small=(41.42083112432679,0),large=(36.460758217954506,100)

89,first=(89.00000840047562,0.5580941296438516),last=(89.99999561324357,0.09322466641769796),small=(41.42083112432679,0),large=(36.460758217954506,100)

90,first=(90.00000763449079,0.10575046178797574),last=(90.99999485211893,0.49673836153442347),small=(41.42083112432679,0),large=(36.460758217954506,100)

91,first=(91.00000687336615,0.7841386426975935),last=(91.99999409538489,1.1271668642880033),small=(41.42083112432679,0),large=(36.460758217954506,100)

92,first=(92.00000611663212,1.0966259710472976),last=(92.99999334243101,0.4439694999783716),small=(41.42083112432679,0),large=(36.460758217954506,100)

93,first=(93.00000536365475,0.3927123723463187),last=(93.99999259257639,0.39111038565073764),small=(41.42083112432679,0),large=(36.460758217954506,100)

94,first=(94.00000461382359,0.5073881885811032),last=(94.99999184502272,0.30246282407755704),small=(41.42083112432679,0),large=(36.460758217954506,100)

95,first=(95.00000386624644,0.38108588137859045),last=(95.99999109880734,0.18746145320242297),small=(41.42083112432679,0),large=(36.460758217954506,100)

96,first=(96.00000312005457,0.16829885580759502),last=(96.99999035360159,6.303659704761265),small=(41.42083112432679,0),large=(36.460758217954506,100)

97,first=(97.00000237484882,6.10504558764192),last=(97.99998959639797,6.449040803213565),small=(41.42083112432679,0),large=(36.460758217954506,100)

98,first=(98.0000016176452,6.253972330692085),last=(98.99998880310686,15.19564318927766),small=(41.42083112432679,0),large=(36.460758217954506,100)

99,first=(99.0000008243306,15.13111568090978),last=(99.9999879781658,3.2835795590107755),small=(41.42083112432679,0),large=(36.460758217954506,100)

